<?xml version="1.0" encoding="UTF-8"?>
<testsuite xmlns:xsi="http://www.w3.org/2001/XMLSchema-instance" xsi:noNamespaceSchemaLocation="https://maven.apache.org/surefire/maven-surefire-plugin/xsd/surefire-test-report-3.0.xsd" version="3.0" name="com.example.PactDemo.PactConsumerTest" time="0.557" tests="1" errors="0" skipped="0" failures="0">
  <properties>
[...]
</properties>
  <testcase name="testGetTopicFromProvider(MockServer)" classname="com.example.PactDemo.PactConsumerTest" time="0.55">
    <system-out><![CDATA[2023-10-31T14:52:10.963+05:30  INFO 49040 --- [           main] t.c.s.AnnotationConfigContextLoaderUtils : Could not detect default configuration classes for test class [com.example.PactDemo.PactConsumerTest]: PactConsumerTest does not declare any static, non-private, non-final, nested classes annotated with @Configuration.
2023-10-31T14:52:10.964+05:30  INFO 49040 --- [           main] .b.t.c.SpringBootTestContextBootstrapper : Found @SpringBootConfiguration com.example.PactDemo.ConsumerApplication for test class com.example.PactDemo.PactConsumerTest
]]></system-out>
  </testcase>
</testsuite>